<?xml version="1.0" encoding="UTF-8"?><testrun name="StudentServiceTest" project="StudentDetails" tests="3" started="3" failures="2" errors="0" ignored="0">
  <testsuite name="com.SpringBootProject.StudentDetails.Service.StudentServiceTest" time="0.562" displayname="StudentServiceTest" uniqueid="[engine:junit-jupiter]/[class:com.SpringBootProject.StudentDetails.Service.StudentServiceTest]">
    <testcase name="addStudentDetails" classname="com.SpringBootProject.StudentDetails.Service.StudentServiceTest" time="0.5" displayname="Should add the records to the database" uniqueid="[engine:junit-jupiter]/[class:com.SpringBootProject.StudentDetails.Service.StudentServiceTest]/[method:addStudentDetails()]"/>
    <testcase name="updateStudentDetails" classname="com.SpringBootProject.StudentDetails.Service.StudentServiceTest" time="0.03" displayname="Should update the Student Details" uniqueid="[engine:junit-jupiter]/[class:com.SpringBootProject.StudentDetails.Service.StudentServiceTest]/[method:updateStudentDetails()]">
      <failure>
        <expected>201</expected>
        <actual>500</actual>
        org.opentest4j.AssertionFailedError: expected: &lt;201&gt; but was: &lt;500&gt;
	at org.junit.jupiter.api.AssertionFailureBuilder.build(AssertionFailureBuilder.java:151)
	at org.junit.jupiter.api.AssertionFailureBuilder.buildAndThrow(AssertionFailureBuilder.java:132)
	at org.junit.jupiter.api.AssertEquals.failNotEqual(AssertEquals.java:197)
	at org.junit.jupiter.api.AssertEquals.assertEquals(AssertEquals.java:150)
	at org.junit.jupiter.api.AssertEquals.assertEquals(AssertEquals.java:145)
	at org.junit.jupiter.api.Assertions.assertEquals(Assertions.java:531)
	at com.SpringBootProject.StudentDetails.Service.StudentServiceTest.updateStudentDetails(StudentServiceTest.java:112)
	at java.base/java.lang.reflect.Method.invoke(Method.java:568)
	at java.base/java.util.ArrayList.forEach(ArrayList.java:1511)
	at java.base/java.util.ArrayList.forEach(ArrayList.java:1511)


      </failure>
    </testcase>
    <testcase name="deleteStudentDetails" classname="com.SpringBootProject.StudentDetails.Service.StudentServiceTest" time="0.019" displayname="Should delete the records from database" uniqueid="[engine:junit-jupiter]/[class:com.SpringBootProject.StudentDetails.Service.StudentServiceTest]/[method:deleteStudentDetails()]">
      <failure>
        <expected>200</expected>
        <actual>404</actual>
        org.opentest4j.AssertionFailedError: expected: &lt;200&gt; but was: &lt;404&gt;
	at org.junit.jupiter.api.AssertionFailureBuilder.build(AssertionFailureBuilder.java:151)
	at org.junit.jupiter.api.AssertionFailureBuilder.buildAndThrow(AssertionFailureBuilder.java:132)
	at org.junit.jupiter.api.AssertEquals.failNotEqual(AssertEquals.java:197)
	at org.junit.jupiter.api.AssertEquals.assertEquals(AssertEquals.java:150)
	at org.junit.jupiter.api.AssertEquals.assertEquals(AssertEquals.java:145)
	at org.junit.jupiter.api.Assertions.assertEquals(Assertions.java:531)
	at com.SpringBootProject.StudentDetails.Service.StudentServiceTest.deleteStudentDetails(StudentServiceTest.java:83)
	at java.base/java.lang.reflect.Method.invoke(Method.java:568)
	at java.base/java.util.ArrayList.forEach(ArrayList.java:1511)
	at java.base/java.util.ArrayList.forEach(ArrayList.java:1511)


      </failure>
    </testcase>
  </testsuite>
</testrun>
